<?xml version="1.0" encoding="UTF-8"?>
<testng-results ignored="0" total="1" passed="1" failed="0" skipped="0">
  <reporter-output>
  </reporter-output>
  <suite started-at="2024-02-13T16:57:16 IST" name="Default suite" finished-at="2024-02-13T16:58:25 IST" duration-ms="69100">
    <groups>
    </groups>
    <test started-at="2024-02-13T16:57:16 IST" name="Default test" finished-at="2024-02-13T16:58:25 IST" duration-ms="69100">
      <class name="com.resultspage.testCases.TC_Insights">
        <test-method is-config="true" signature="setup()[pri:0, instance:com.resultspage.testCases.TC_Insights@77c2494c]" started-at="2024-02-13T16:57:16 IST" name="setup" finished-at="2024-02-13T16:57:23 IST" duration-ms="6302" status="PASS">
          <reporter-output>
          </reporter-output>
        </test-method> <!-- setup -->
        <test-method signature="CogniGraphsTest()[pri:1, instance:com.resultspage.testCases.TC_Insights@77c2494c]" started-at="2024-02-13T16:57:23 IST" name="CogniGraphsTest" finished-at="2024-02-13T16:58:25 IST" duration-ms="62754" status="PASS">
          <reporter-output>
          </reporter-output>
        </test-method> <!-- CogniGraphsTest -->
      </class> <!-- com.resultspage.testCases.TC_Insights -->
    </test> <!-- Default test -->
  </suite> <!-- Default suite -->
</testng-results>
